{"/home/samsepi0l/documentos/nodejs/clean-architecture/sistema-votacao/backend/src/application/useCases/Post/create-post-use-case.ts": {"path":"/home/samsepi0l/documentos/nodejs/clean-architecture/sistema-votacao/backend/src/application/useCases/Post/create-post-use-case.ts","all":false,"statementMap":{"0":{"start":{"line":1,"column":0},"end":{"line":1,"column":53}},"1":{"start":{"line":2,"column":0},"end":{"line":2,"column":69}},"2":{"start":{"line":3,"column":0},"end":{"line":3,"column":0}},"3":{"start":{"line":4,"column":0},"end":{"line":4,"column":43}},"4":{"start":{"line":5,"column":0},"end":{"line":5,"column":16}},"5":{"start":{"line":6,"column":0},"end":{"line":6,"column":15}},"6":{"start":{"line":7,"column":0},"end":{"line":7,"column":1}},"7":{"start":{"line":8,"column":0},"end":{"line":8,"column":0}},"8":{"start":{"line":9,"column":0},"end":{"line":9,"column":32}},"9":{"start":{"line":10,"column":0},"end":{"line":10,"column":56}},"10":{"start":{"line":11,"column":0},"end":{"line":11,"column":0}},"11":{"start":{"line":12,"column":0},"end":{"line":12,"column":67}},"12":{"start":{"line":13,"column":0},"end":{"line":13,"column":36}},"13":{"start":{"line":14,"column":0},"end":{"line":14,"column":0}},"14":{"start":{"line":15,"column":0},"end":{"line":15,"column":17}},"15":{"start":{"line":16,"column":0},"end":{"line":16,"column":42}},"16":{"start":{"line":17,"column":0},"end":{"line":17,"column":5}},"17":{"start":{"line":18,"column":0},"end":{"line":18,"column":0}},"18":{"start":{"line":19,"column":0},"end":{"line":19,"column":16}},"19":{"start":{"line":20,"column":0},"end":{"line":20,"column":41}},"20":{"start":{"line":21,"column":0},"end":{"line":21,"column":5}},"21":{"start":{"line":22,"column":0},"end":{"line":22,"column":0}},"22":{"start":{"line":23,"column":0},"end":{"line":23,"column":53}},"23":{"start":{"line":24,"column":0},"end":{"line":24,"column":12}},"24":{"start":{"line":25,"column":0},"end":{"line":25,"column":11}},"25":{"start":{"line":26,"column":0},"end":{"line":26,"column":7}},"26":{"start":{"line":27,"column":0},"end":{"line":27,"column":0}},"27":{"start":{"line":28,"column":0},"end":{"line":28,"column":66}},"28":{"start":{"line":29,"column":0},"end":{"line":29,"column":0}},"29":{"start":{"line":30,"column":0},"end":{"line":30,"column":18}},"30":{"start":{"line":31,"column":0},"end":{"line":31,"column":3}},"31":{"start":{"line":32,"column":0},"end":{"line":32,"column":1}}},"s":{"0":1,"1":1,"2":1,"3":1,"4":1,"5":1,"6":1,"7":1,"8":1,"9":1,"10":1,"11":1,"12":4,"13":4,"14":4,"15":1,"16":1,"17":3,"18":4,"19":1,"20":1,"21":2,"22":2,"23":2,"24":2,"25":2,"26":2,"27":4,"28":2,"29":2,"30":2,"31":1},"branchMap":{"0":{"type":"branch","line":9,"loc":{"start":{"line":9,"column":13},"end":{"line":9,"column":30}},"locations":[{"start":{"line":9,"column":13},"end":{"line":9,"column":30}}]},"1":{"type":"branch","line":12,"loc":{"start":{"line":12,"column":8},"end":{"line":31,"column":3}},"locations":[{"start":{"line":12,"column":8},"end":{"line":31,"column":3}}]},"2":{"type":"branch","line":15,"loc":{"start":{"line":15,"column":16},"end":{"line":17,"column":5}},"locations":[{"start":{"line":15,"column":16},"end":{"line":17,"column":5}}]},"3":{"type":"branch","line":18,"loc":{"start":{"line":18,"column":-1},"end":{"line":19,"column":15}},"locations":[{"start":{"line":18,"column":-1},"end":{"line":19,"column":15}}]},"4":{"type":"branch","line":19,"loc":{"start":{"line":19,"column":15},"end":{"line":21,"column":5}},"locations":[{"start":{"line":19,"column":15},"end":{"line":21,"column":5}}]},"5":{"type":"branch","line":22,"loc":{"start":{"line":22,"column":-1},"end":{"line":28,"column":25}},"locations":[{"start":{"line":22,"column":-1},"end":{"line":28,"column":25}}]},"6":{"type":"branch","line":28,"loc":{"start":{"line":28,"column":25},"end":{"line":28,"column":66}},"locations":[{"start":{"line":28,"column":25},"end":{"line":28,"column":66}}]},"7":{"type":"branch","line":29,"loc":{"start":{"line":29,"column":-1},"end":{"line":31,"column":3}},"locations":[{"start":{"line":29,"column":-1},"end":{"line":31,"column":3}}]},"8":{"type":"branch","line":10,"loc":{"start":{"line":10,"column":2},"end":{"line":10,"column":56}},"locations":[{"start":{"line":10,"column":2},"end":{"line":10,"column":56}}]}},"b":{"0":[4],"1":[4],"2":[1],"3":[3],"4":[1],"5":[2],"6":[0],"7":[2],"8":[4]},"fnMap":{"0":{"name":"get","decl":{"start":{"line":9,"column":13},"end":{"line":9,"column":30}},"loc":{"start":{"line":9,"column":13},"end":{"line":9,"column":30}},"line":9},"1":{"name":"execute","decl":{"start":{"line":12,"column":8},"end":{"line":31,"column":3}},"loc":{"start":{"line":12,"column":8},"end":{"line":31,"column":3}},"line":12},"2":{"name":"CreatePostUseCase","decl":{"start":{"line":10,"column":2},"end":{"line":10,"column":56}},"loc":{"start":{"line":10,"column":2},"end":{"line":10,"column":56}},"line":10}},"f":{"0":4,"1":4,"2":4}}
,"/home/samsepi0l/documentos/nodejs/clean-architecture/sistema-votacao/backend/src/application/useCases/Post/delete-post-with-id-use-case.ts": {"path":"/home/samsepi0l/documentos/nodejs/clean-architecture/sistema-votacao/backend/src/application/useCases/Post/delete-post-with-id-use-case.ts","all":false,"statementMap":{"0":{"start":{"line":1,"column":0},"end":{"line":1,"column":53}},"1":{"start":{"line":2,"column":0},"end":{"line":2,"column":69}},"2":{"start":{"line":3,"column":0},"end":{"line":3,"column":0}},"3":{"start":{"line":4,"column":0},"end":{"line":4,"column":42}},"4":{"start":{"line":5,"column":0},"end":{"line":5,"column":13}},"5":{"start":{"line":6,"column":0},"end":{"line":6,"column":1}},"6":{"start":{"line":7,"column":0},"end":{"line":7,"column":0}},"7":{"start":{"line":8,"column":0},"end":{"line":8,"column":38}},"8":{"start":{"line":9,"column":0},"end":{"line":9,"column":56}},"9":{"start":{"line":10,"column":0},"end":{"line":10,"column":0}},"10":{"start":{"line":11,"column":0},"end":{"line":11,"column":66}},"11":{"start":{"line":12,"column":0},"end":{"line":12,"column":27}},"12":{"start":{"line":13,"column":0},"end":{"line":13,"column":0}},"13":{"start":{"line":14,"column":0},"end":{"line":14,"column":14}},"14":{"start":{"line":15,"column":0},"end":{"line":15,"column":39}},"15":{"start":{"line":16,"column":0},"end":{"line":16,"column":5}},"16":{"start":{"line":17,"column":0},"end":{"line":17,"column":0}},"17":{"start":{"line":18,"column":0},"end":{"line":18,"column":64}},"18":{"start":{"line":19,"column":0},"end":{"line":19,"column":0}},"19":{"start":{"line":20,"column":0},"end":{"line":20,"column":66}},"20":{"start":{"line":21,"column":0},"end":{"line":21,"column":0}},"21":{"start":{"line":22,"column":0},"end":{"line":22,"column":18}},"22":{"start":{"line":23,"column":0},"end":{"line":23,"column":3}},"23":{"start":{"line":24,"column":0},"end":{"line":24,"column":1}}},"s":{"0":1,"1":1,"2":1,"3":1,"4":1,"5":1,"6":1,"7":1,"8":1,"9":1,"10":1,"11":5,"12":5,"13":5,"14":2,"15":2,"16":3,"17":3,"18":3,"19":5,"20":3,"21":3,"22":3,"23":1},"branchMap":{"0":{"type":"branch","line":8,"loc":{"start":{"line":8,"column":13},"end":{"line":8,"column":36}},"locations":[{"start":{"line":8,"column":13},"end":{"line":8,"column":36}}]},"1":{"type":"branch","line":11,"loc":{"start":{"line":11,"column":8},"end":{"line":23,"column":3}},"locations":[{"start":{"line":11,"column":8},"end":{"line":23,"column":3}}]},"2":{"type":"branch","line":14,"loc":{"start":{"line":14,"column":13},"end":{"line":16,"column":5}},"locations":[{"start":{"line":14,"column":13},"end":{"line":16,"column":5}}]},"3":{"type":"branch","line":17,"loc":{"start":{"line":17,"column":-1},"end":{"line":20,"column":25}},"locations":[{"start":{"line":17,"column":-1},"end":{"line":20,"column":25}}]},"4":{"type":"branch","line":20,"loc":{"start":{"line":20,"column":25},"end":{"line":20,"column":66}},"locations":[{"start":{"line":20,"column":25},"end":{"line":20,"column":66}}]},"5":{"type":"branch","line":21,"loc":{"start":{"line":21,"column":-1},"end":{"line":23,"column":3}},"locations":[{"start":{"line":21,"column":-1},"end":{"line":23,"column":3}}]},"6":{"type":"branch","line":9,"loc":{"start":{"line":9,"column":2},"end":{"line":9,"column":56}},"locations":[{"start":{"line":9,"column":2},"end":{"line":9,"column":56}}]}},"b":{"0":[4],"1":[5],"2":[2],"3":[3],"4":[0],"5":[3],"6":[4]},"fnMap":{"0":{"name":"get","decl":{"start":{"line":8,"column":13},"end":{"line":8,"column":36}},"loc":{"start":{"line":8,"column":13},"end":{"line":8,"column":36}},"line":8},"1":{"name":"execute","decl":{"start":{"line":11,"column":8},"end":{"line":23,"column":3}},"loc":{"start":{"line":11,"column":8},"end":{"line":23,"column":3}},"line":11},"2":{"name":"DeletePostWithIdUseCase","decl":{"start":{"line":9,"column":2},"end":{"line":9,"column":56}},"loc":{"start":{"line":9,"column":2},"end":{"line":9,"column":56}},"line":9}},"f":{"0":4,"1":5,"2":4}}
,"/home/samsepi0l/documentos/nodejs/clean-architecture/sistema-votacao/backend/src/application/useCases/Post/edit-post-with-id-use-case.ts": {"path":"/home/samsepi0l/documentos/nodejs/clean-architecture/sistema-votacao/backend/src/application/useCases/Post/edit-post-with-id-use-case.ts","all":false,"statementMap":{"0":{"start":{"line":1,"column":0},"end":{"line":1,"column":53}},"1":{"start":{"line":2,"column":0},"end":{"line":2,"column":69}},"2":{"start":{"line":3,"column":0},"end":{"line":3,"column":0}},"3":{"start":{"line":4,"column":0},"end":{"line":4,"column":40}},"4":{"start":{"line":5,"column":0},"end":{"line":5,"column":13}},"5":{"start":{"line":6,"column":0},"end":{"line":6,"column":16}},"6":{"start":{"line":7,"column":0},"end":{"line":7,"column":15}},"7":{"start":{"line":8,"column":0},"end":{"line":8,"column":1}},"8":{"start":{"line":9,"column":0},"end":{"line":9,"column":0}},"9":{"start":{"line":10,"column":0},"end":{"line":10,"column":36}},"10":{"start":{"line":11,"column":0},"end":{"line":11,"column":56}},"11":{"start":{"line":12,"column":0},"end":{"line":12,"column":0}},"12":{"start":{"line":13,"column":0},"end":{"line":13,"column":64}},"13":{"start":{"line":14,"column":0},"end":{"line":14,"column":40}},"14":{"start":{"line":15,"column":0},"end":{"line":15,"column":0}},"15":{"start":{"line":16,"column":0},"end":{"line":16,"column":14}},"16":{"start":{"line":17,"column":0},"end":{"line":17,"column":39}},"17":{"start":{"line":18,"column":0},"end":{"line":18,"column":5}},"18":{"start":{"line":19,"column":0},"end":{"line":19,"column":0}},"19":{"start":{"line":20,"column":0},"end":{"line":20,"column":17}},"20":{"start":{"line":21,"column":0},"end":{"line":21,"column":39}},"21":{"start":{"line":22,"column":0},"end":{"line":22,"column":5}},"22":{"start":{"line":23,"column":0},"end":{"line":23,"column":0}},"23":{"start":{"line":24,"column":0},"end":{"line":24,"column":16}},"24":{"start":{"line":25,"column":0},"end":{"line":25,"column":39}},"25":{"start":{"line":26,"column":0},"end":{"line":26,"column":5}},"26":{"start":{"line":27,"column":0},"end":{"line":27,"column":0}},"27":{"start":{"line":28,"column":0},"end":{"line":28,"column":79}},"28":{"start":{"line":29,"column":0},"end":{"line":29,"column":0}},"29":{"start":{"line":30,"column":0},"end":{"line":30,"column":66}},"30":{"start":{"line":31,"column":0},"end":{"line":31,"column":0}},"31":{"start":{"line":32,"column":0},"end":{"line":32,"column":18}},"32":{"start":{"line":33,"column":0},"end":{"line":33,"column":3}},"33":{"start":{"line":34,"column":0},"end":{"line":34,"column":1}}},"s":{"0":1,"1":1,"2":1,"3":1,"4":1,"5":1,"6":1,"7":1,"8":1,"9":1,"10":1,"11":1,"12":1,"13":7,"14":7,"15":7,"16":1,"17":1,"18":6,"19":7,"20":1,"21":1,"22":5,"23":7,"24":1,"25":1,"26":4,"27":4,"28":4,"29":7,"30":3,"31":3,"32":3,"33":1},"branchMap":{"0":{"type":"branch","line":10,"loc":{"start":{"line":10,"column":13},"end":{"line":10,"column":34}},"locations":[{"start":{"line":10,"column":13},"end":{"line":10,"column":34}}]},"1":{"type":"branch","line":13,"loc":{"start":{"line":13,"column":8},"end":{"line":33,"column":3}},"locations":[{"start":{"line":13,"column":8},"end":{"line":33,"column":3}}]},"2":{"type":"branch","line":16,"loc":{"start":{"line":16,"column":13},"end":{"line":18,"column":5}},"locations":[{"start":{"line":16,"column":13},"end":{"line":18,"column":5}}]},"3":{"type":"branch","line":19,"loc":{"start":{"line":19,"column":-1},"end":{"line":20,"column":16}},"locations":[{"start":{"line":19,"column":-1},"end":{"line":20,"column":16}}]},"4":{"type":"branch","line":20,"loc":{"start":{"line":20,"column":16},"end":{"line":22,"column":5}},"locations":[{"start":{"line":20,"column":16},"end":{"line":22,"column":5}}]},"5":{"type":"branch","line":23,"loc":{"start":{"line":23,"column":-1},"end":{"line":24,"column":15}},"locations":[{"start":{"line":23,"column":-1},"end":{"line":24,"column":15}}]},"6":{"type":"branch","line":24,"loc":{"start":{"line":24,"column":15},"end":{"line":26,"column":5}},"locations":[{"start":{"line":24,"column":15},"end":{"line":26,"column":5}}]},"7":{"type":"branch","line":27,"loc":{"start":{"line":27,"column":-1},"end":{"line":30,"column":25}},"locations":[{"start":{"line":27,"column":-1},"end":{"line":30,"column":25}}]},"8":{"type":"branch","line":30,"loc":{"start":{"line":30,"column":25},"end":{"line":30,"column":66}},"locations":[{"start":{"line":30,"column":25},"end":{"line":30,"column":66}}]},"9":{"type":"branch","line":31,"loc":{"start":{"line":31,"column":-1},"end":{"line":33,"column":3}},"locations":[{"start":{"line":31,"column":-1},"end":{"line":33,"column":3}}]},"10":{"type":"branch","line":11,"loc":{"start":{"line":11,"column":2},"end":{"line":11,"column":56}},"locations":[{"start":{"line":11,"column":2},"end":{"line":11,"column":56}}]}},"b":{"0":[6],"1":[7],"2":[1],"3":[6],"4":[1],"5":[5],"6":[1],"7":[4],"8":[1],"9":[3],"10":[6]},"fnMap":{"0":{"name":"get","decl":{"start":{"line":10,"column":13},"end":{"line":10,"column":34}},"loc":{"start":{"line":10,"column":13},"end":{"line":10,"column":34}},"line":10},"1":{"name":"execute","decl":{"start":{"line":13,"column":8},"end":{"line":33,"column":3}},"loc":{"start":{"line":13,"column":8},"end":{"line":33,"column":3}},"line":13},"2":{"name":"EditPostWithIdUseCase","decl":{"start":{"line":11,"column":2},"end":{"line":11,"column":56}},"loc":{"start":{"line":11,"column":2},"end":{"line":11,"column":56}},"line":11}},"f":{"0":6,"1":7,"2":6}}
,"/home/samsepi0l/documentos/nodejs/clean-architecture/sistema-votacao/backend/src/application/useCases/Post/list-all-posts-use-case.ts": {"path":"/home/samsepi0l/documentos/nodejs/clean-architecture/sistema-votacao/backend/src/application/useCases/Post/list-all-posts-use-case.ts","all":false,"statementMap":{"0":{"start":{"line":1,"column":0},"end":{"line":1,"column":53}},"1":{"start":{"line":2,"column":0},"end":{"line":2,"column":69}},"2":{"start":{"line":3,"column":0},"end":{"line":3,"column":0}},"3":{"start":{"line":4,"column":0},"end":{"line":4,"column":34}},"4":{"start":{"line":5,"column":0},"end":{"line":5,"column":56}},"5":{"start":{"line":6,"column":0},"end":{"line":6,"column":0}},"6":{"start":{"line":7,"column":0},"end":{"line":7,"column":41}},"7":{"start":{"line":8,"column":0},"end":{"line":8,"column":60}},"8":{"start":{"line":9,"column":0},"end":{"line":9,"column":0}},"9":{"start":{"line":10,"column":0},"end":{"line":10,"column":66}},"10":{"start":{"line":11,"column":0},"end":{"line":11,"column":0}},"11":{"start":{"line":12,"column":0},"end":{"line":12,"column":18}},"12":{"start":{"line":13,"column":0},"end":{"line":13,"column":3}},"13":{"start":{"line":14,"column":0},"end":{"line":14,"column":1}}},"s":{"0":1,"1":1,"2":1,"3":1,"4":1,"5":1,"6":1,"7":2,"8":2,"9":2,"10":2,"11":2,"12":2,"13":1},"branchMap":{"0":{"type":"branch","line":4,"loc":{"start":{"line":4,"column":13},"end":{"line":4,"column":32}},"locations":[{"start":{"line":4,"column":13},"end":{"line":4,"column":32}}]},"1":{"type":"branch","line":7,"loc":{"start":{"line":7,"column":8},"end":{"line":13,"column":3}},"locations":[{"start":{"line":7,"column":8},"end":{"line":13,"column":3}}]},"2":{"type":"branch","line":10,"loc":{"start":{"line":10,"column":25},"end":{"line":10,"column":66}},"locations":[{"start":{"line":10,"column":25},"end":{"line":10,"column":66}}]},"3":{"type":"branch","line":5,"loc":{"start":{"line":5,"column":2},"end":{"line":5,"column":56}},"locations":[{"start":{"line":5,"column":2},"end":{"line":5,"column":56}}]}},"b":{"0":[2],"1":[2],"2":[0],"3":[2]},"fnMap":{"0":{"name":"get","decl":{"start":{"line":4,"column":13},"end":{"line":4,"column":32}},"loc":{"start":{"line":4,"column":13},"end":{"line":4,"column":32}},"line":4},"1":{"name":"execute","decl":{"start":{"line":7,"column":8},"end":{"line":13,"column":3}},"loc":{"start":{"line":7,"column":8},"end":{"line":13,"column":3}},"line":7},"2":{"name":"ListAllPostsUseCase","decl":{"start":{"line":5,"column":2},"end":{"line":5,"column":56}},"loc":{"start":{"line":5,"column":2},"end":{"line":5,"column":56}},"line":5}},"f":{"0":2,"1":2,"2":2}}
,"/home/samsepi0l/documentos/nodejs/clean-architecture/sistema-votacao/backend/src/application/useCases/Post/list-post-with-id-use-case.ts": {"path":"/home/samsepi0l/documentos/nodejs/clean-architecture/sistema-votacao/backend/src/application/useCases/Post/list-post-with-id-use-case.ts","all":false,"statementMap":{"0":{"start":{"line":1,"column":0},"end":{"line":1,"column":53}},"1":{"start":{"line":2,"column":0},"end":{"line":2,"column":69}},"2":{"start":{"line":3,"column":0},"end":{"line":3,"column":0}},"3":{"start":{"line":4,"column":0},"end":{"line":4,"column":40}},"4":{"start":{"line":5,"column":0},"end":{"line":5,"column":13}},"5":{"start":{"line":6,"column":0},"end":{"line":6,"column":1}},"6":{"start":{"line":7,"column":0},"end":{"line":7,"column":0}},"7":{"start":{"line":8,"column":0},"end":{"line":8,"column":36}},"8":{"start":{"line":9,"column":0},"end":{"line":9,"column":56}},"9":{"start":{"line":10,"column":0},"end":{"line":10,"column":0}},"10":{"start":{"line":11,"column":0},"end":{"line":11,"column":64}},"11":{"start":{"line":12,"column":0},"end":{"line":12,"column":27}},"12":{"start":{"line":13,"column":0},"end":{"line":13,"column":0}},"13":{"start":{"line":14,"column":0},"end":{"line":14,"column":14}},"14":{"start":{"line":15,"column":0},"end":{"line":15,"column":39}},"15":{"start":{"line":16,"column":0},"end":{"line":16,"column":5}},"16":{"start":{"line":17,"column":0},"end":{"line":17,"column":0}},"17":{"start":{"line":18,"column":0},"end":{"line":18,"column":62}},"18":{"start":{"line":19,"column":0},"end":{"line":19,"column":0}},"19":{"start":{"line":20,"column":0},"end":{"line":20,"column":66}},"20":{"start":{"line":21,"column":0},"end":{"line":21,"column":0}},"21":{"start":{"line":22,"column":0},"end":{"line":22,"column":18}},"22":{"start":{"line":23,"column":0},"end":{"line":23,"column":3}},"23":{"start":{"line":24,"column":0},"end":{"line":24,"column":1}}},"s":{"0":1,"1":1,"2":1,"3":1,"4":1,"5":1,"6":1,"7":1,"8":1,"9":1,"10":1,"11":5,"12":5,"13":5,"14":1,"15":1,"16":4,"17":4,"18":4,"19":5,"20":3,"21":3,"22":3,"23":1},"branchMap":{"0":{"type":"branch","line":8,"loc":{"start":{"line":8,"column":13},"end":{"line":8,"column":34}},"locations":[{"start":{"line":8,"column":13},"end":{"line":8,"column":34}}]},"1":{"type":"branch","line":11,"loc":{"start":{"line":11,"column":8},"end":{"line":23,"column":3}},"locations":[{"start":{"line":11,"column":8},"end":{"line":23,"column":3}}]},"2":{"type":"branch","line":14,"loc":{"start":{"line":14,"column":13},"end":{"line":16,"column":5}},"locations":[{"start":{"line":14,"column":13},"end":{"line":16,"column":5}}]},"3":{"type":"branch","line":17,"loc":{"start":{"line":17,"column":-1},"end":{"line":20,"column":25}},"locations":[{"start":{"line":17,"column":-1},"end":{"line":20,"column":25}}]},"4":{"type":"branch","line":20,"loc":{"start":{"line":20,"column":25},"end":{"line":20,"column":66}},"locations":[{"start":{"line":20,"column":25},"end":{"line":20,"column":66}}]},"5":{"type":"branch","line":21,"loc":{"start":{"line":21,"column":-1},"end":{"line":23,"column":3}},"locations":[{"start":{"line":21,"column":-1},"end":{"line":23,"column":3}}]},"6":{"type":"branch","line":9,"loc":{"start":{"line":9,"column":2},"end":{"line":9,"column":56}},"locations":[{"start":{"line":9,"column":2},"end":{"line":9,"column":56}}]}},"b":{"0":[4],"1":[5],"2":[1],"3":[4],"4":[1],"5":[3],"6":[4]},"fnMap":{"0":{"name":"get","decl":{"start":{"line":8,"column":13},"end":{"line":8,"column":34}},"loc":{"start":{"line":8,"column":13},"end":{"line":8,"column":34}},"line":8},"1":{"name":"execute","decl":{"start":{"line":11,"column":8},"end":{"line":23,"column":3}},"loc":{"start":{"line":11,"column":8},"end":{"line":23,"column":3}},"line":11},"2":{"name":"ListPostWithIdUseCase","decl":{"start":{"line":9,"column":2},"end":{"line":9,"column":56}},"loc":{"start":{"line":9,"column":2},"end":{"line":9,"column":56}},"line":9}},"f":{"0":4,"1":5,"2":4}}
,"/home/samsepi0l/documentos/nodejs/clean-architecture/sistema-votacao/backend/src/core/domain/Entity.ts": {"path":"/home/samsepi0l/documentos/nodejs/clean-architecture/sistema-votacao/backend/src/core/domain/Entity.ts","all":false,"statementMap":{"0":{"start":{"line":1,"column":0},"end":{"line":1,"column":33}},"1":{"start":{"line":2,"column":0},"end":{"line":2,"column":18}},"2":{"start":{"line":3,"column":0},"end":{"line":3,"column":0}},"3":{"start":{"line":4,"column":0},"end":{"line":4,"column":25}},"4":{"start":{"line":5,"column":0},"end":{"line":5,"column":23}},"5":{"start":{"line":6,"column":0},"end":{"line":6,"column":3}},"6":{"start":{"line":7,"column":0},"end":{"line":7,"column":1}}},"s":{"0":1,"1":1,"2":1,"3":1,"4":10,"5":10,"6":1},"branchMap":{"0":{"type":"branch","line":1,"loc":{"start":{"line":1,"column":22},"end":{"line":1,"column":28}},"locations":[{"start":{"line":1,"column":22},"end":{"line":1,"column":28}}]},"1":{"type":"branch","line":4,"loc":{"start":{"line":4,"column":2},"end":{"line":6,"column":3}},"locations":[{"start":{"line":4,"column":2},"end":{"line":6,"column":3}}]}},"b":{"0":[5],"1":[10]},"fnMap":{"0":{"name":"get","decl":{"start":{"line":1,"column":22},"end":{"line":1,"column":28}},"loc":{"start":{"line":1,"column":22},"end":{"line":1,"column":28}},"line":1},"1":{"name":"Entity","decl":{"start":{"line":4,"column":2},"end":{"line":6,"column":3}},"loc":{"start":{"line":4,"column":2},"end":{"line":6,"column":3}},"line":4}},"f":{"0":5,"1":10}}
,"/home/samsepi0l/documentos/nodejs/clean-architecture/sistema-votacao/backend/src/domain/entities/Post.ts": {"path":"/home/samsepi0l/documentos/nodejs/clean-architecture/sistema-votacao/backend/src/domain/entities/Post.ts","all":false,"statementMap":{"0":{"start":{"line":1,"column":0},"end":{"line":1,"column":50}},"1":{"start":{"line":2,"column":0},"end":{"line":2,"column":0}},"2":{"start":{"line":3,"column":0},"end":{"line":3,"column":25}},"3":{"start":{"line":4,"column":0},"end":{"line":4,"column":14}},"4":{"start":{"line":5,"column":0},"end":{"line":5,"column":16}},"5":{"start":{"line":6,"column":0},"end":{"line":6,"column":15}},"6":{"start":{"line":7,"column":0},"end":{"line":7,"column":2}},"7":{"start":{"line":8,"column":0},"end":{"line":8,"column":0}},"8":{"start":{"line":9,"column":0},"end":{"line":9,"column":45}},"9":{"start":{"line":10,"column":0},"end":{"line":10,"column":41}},"10":{"start":{"line":11,"column":0},"end":{"line":11,"column":17}},"11":{"start":{"line":12,"column":0},"end":{"line":12,"column":3}},"12":{"start":{"line":13,"column":0},"end":{"line":13,"column":0}},"13":{"start":{"line":14,"column":0},"end":{"line":14,"column":35}},"14":{"start":{"line":15,"column":0},"end":{"line":15,"column":33}},"15":{"start":{"line":16,"column":0},"end":{"line":16,"column":0}},"16":{"start":{"line":17,"column":0},"end":{"line":17,"column":16}},"17":{"start":{"line":18,"column":0},"end":{"line":18,"column":3}},"18":{"start":{"line":19,"column":0},"end":{"line":19,"column":1}}},"s":{"0":1,"1":1,"2":1,"3":1,"4":1,"5":1,"6":1,"7":1,"8":1,"9":1,"10":10,"11":10,"12":1,"13":1,"14":10,"15":10,"16":10,"17":10,"18":1},"branchMap":{"0":{"type":"branch","line":9,"loc":{"start":{"line":9,"column":13},"end":{"line":9,"column":17}},"locations":[{"start":{"line":9,"column":13},"end":{"line":9,"column":17}}]},"1":{"type":"branch","line":14,"loc":{"start":{"line":14,"column":9},"end":{"line":18,"column":3}},"locations":[{"start":{"line":14,"column":9},"end":{"line":18,"column":3}}]},"2":{"type":"branch","line":10,"loc":{"start":{"line":10,"column":2},"end":{"line":12,"column":3}},"locations":[{"start":{"line":10,"column":2},"end":{"line":12,"column":3}}]}},"b":{"0":[10],"1":[10],"2":[10]},"fnMap":{"0":{"name":"get","decl":{"start":{"line":9,"column":13},"end":{"line":9,"column":17}},"loc":{"start":{"line":9,"column":13},"end":{"line":9,"column":17}},"line":9},"1":{"name":"create","decl":{"start":{"line":14,"column":9},"end":{"line":18,"column":3}},"loc":{"start":{"line":14,"column":9},"end":{"line":18,"column":3}},"line":14},"2":{"name":"Post","decl":{"start":{"line":10,"column":2},"end":{"line":12,"column":3}},"loc":{"start":{"line":10,"column":2},"end":{"line":12,"column":3}},"line":10}},"f":{"0":10,"1":10,"2":10}}
,"/home/samsepi0l/documentos/nodejs/clean-architecture/sistema-votacao/backend/test/repositories/in-memory-posts-repository.ts": {"path":"/home/samsepi0l/documentos/nodejs/clean-architecture/sistema-votacao/backend/test/repositories/in-memory-posts-repository.ts","all":false,"statementMap":{"0":{"start":{"line":1,"column":0},"end":{"line":1,"column":8}},"1":{"start":{"line":2,"column":0},"end":{"line":2,"column":17}},"2":{"start":{"line":3,"column":0},"end":{"line":3,"column":15}},"3":{"start":{"line":4,"column":0},"end":{"line":4,"column":17}},"4":{"start":{"line":5,"column":0},"end":{"line":5,"column":61}},"5":{"start":{"line":6,"column":0},"end":{"line":6,"column":54}},"6":{"start":{"line":7,"column":0},"end":{"line":7,"column":0}},"7":{"start":{"line":8,"column":0},"end":{"line":8,"column":63}},"8":{"start":{"line":9,"column":0},"end":{"line":9,"column":28}},"9":{"start":{"line":10,"column":0},"end":{"line":10,"column":0}},"10":{"start":{"line":11,"column":0},"end":{"line":11,"column":60}},"11":{"start":{"line":12,"column":0},"end":{"line":12,"column":39}},"12":{"start":{"line":13,"column":0},"end":{"line":13,"column":0}},"13":{"start":{"line":14,"column":0},"end":{"line":14,"column":25}},"14":{"start":{"line":15,"column":0},"end":{"line":15,"column":3}},"15":{"start":{"line":16,"column":0},"end":{"line":16,"column":64}},"16":{"start":{"line":17,"column":0},"end":{"line":17,"column":20}},"17":{"start":{"line":18,"column":0},"end":{"line":18,"column":69}},"18":{"start":{"line":19,"column":0},"end":{"line":19,"column":6}},"19":{"start":{"line":20,"column":0},"end":{"line":20,"column":70}},"20":{"start":{"line":21,"column":0},"end":{"line":21,"column":0}},"21":{"start":{"line":22,"column":0},"end":{"line":22,"column":16}},"22":{"start":{"line":23,"column":0},"end":{"line":23,"column":18}},"23":{"start":{"line":24,"column":0},"end":{"line":24,"column":5}},"24":{"start":{"line":25,"column":0},"end":{"line":25,"column":0}},"25":{"start":{"line":26,"column":0},"end":{"line":26,"column":16}},"26":{"start":{"line":27,"column":0},"end":{"line":27,"column":3}},"27":{"start":{"line":28,"column":0},"end":{"line":28,"column":48}},"28":{"start":{"line":29,"column":0},"end":{"line":29,"column":20}},"29":{"start":{"line":30,"column":0},"end":{"line":30,"column":77}},"30":{"start":{"line":31,"column":0},"end":{"line":31,"column":6}},"31":{"start":{"line":32,"column":0},"end":{"line":32,"column":20}},"32":{"start":{"line":33,"column":0},"end":{"line":33,"column":77}},"33":{"start":{"line":34,"column":0},"end":{"line":34,"column":6}},"34":{"start":{"line":35,"column":0},"end":{"line":35,"column":20}},"35":{"start":{"line":36,"column":0},"end":{"line":36,"column":77}},"36":{"start":{"line":37,"column":0},"end":{"line":37,"column":6}},"37":{"start":{"line":38,"column":0},"end":{"line":38,"column":22}},"38":{"start":{"line":39,"column":0},"end":{"line":39,"column":3}},"39":{"start":{"line":40,"column":0},"end":{"line":40,"column":56}},"40":{"start":{"line":41,"column":0},"end":{"line":41,"column":20}},"41":{"start":{"line":42,"column":0},"end":{"line":42,"column":77}},"42":{"start":{"line":43,"column":0},"end":{"line":43,"column":6}},"43":{"start":{"line":44,"column":0},"end":{"line":44,"column":65}},"44":{"start":{"line":45,"column":0},"end":{"line":45,"column":0}},"45":{"start":{"line":46,"column":0},"end":{"line":46,"column":16}},"46":{"start":{"line":47,"column":0},"end":{"line":47,"column":18}},"47":{"start":{"line":48,"column":0},"end":{"line":48,"column":5}},"48":{"start":{"line":49,"column":0},"end":{"line":49,"column":0}},"49":{"start":{"line":50,"column":0},"end":{"line":50,"column":16}},"50":{"start":{"line":51,"column":0},"end":{"line":51,"column":3}},"51":{"start":{"line":52,"column":0},"end":{"line":52,"column":58}},"52":{"start":{"line":53,"column":0},"end":{"line":53,"column":20}},"53":{"start":{"line":54,"column":0},"end":{"line":54,"column":77}},"54":{"start":{"line":55,"column":0},"end":{"line":55,"column":6}},"55":{"start":{"line":56,"column":0},"end":{"line":56,"column":20}},"56":{"start":{"line":57,"column":0},"end":{"line":57,"column":77}},"57":{"start":{"line":58,"column":0},"end":{"line":58,"column":6}},"58":{"start":{"line":59,"column":0},"end":{"line":59,"column":0}},"59":{"start":{"line":60,"column":0},"end":{"line":60,"column":65}},"60":{"start":{"line":61,"column":0},"end":{"line":61,"column":0}},"61":{"start":{"line":62,"column":0},"end":{"line":62,"column":16}},"62":{"start":{"line":63,"column":0},"end":{"line":63,"column":18}},"63":{"start":{"line":64,"column":0},"end":{"line":64,"column":5}},"64":{"start":{"line":65,"column":0},"end":{"line":65,"column":64}},"65":{"start":{"line":66,"column":0},"end":{"line":66,"column":3}},"66":{"start":{"line":67,"column":0},"end":{"line":67,"column":1}}},"s":{"0":1,"1":1,"2":1,"3":1,"4":1,"5":1,"6":1,"7":1,"8":1,"9":1,"10":1,"11":1,"12":1,"13":1,"14":1,"15":1,"16":2,"17":2,"18":2,"19":2,"20":2,"21":2,"22":1,"23":1,"24":1,"25":1,"26":1,"27":1,"28":1,"29":1,"30":1,"31":1,"32":1,"33":1,"34":1,"35":1,"36":1,"37":1,"38":1,"39":1,"40":2,"41":2,"42":2,"43":2,"44":2,"45":2,"46":1,"47":1,"48":1,"49":1,"50":1,"51":1,"52":1,"53":1,"54":1,"55":1,"56":1,"57":1,"58":1,"59":1,"60":1,"61":1,"62":0,"63":0,"64":1,"65":1,"66":1},"branchMap":{"0":{"type":"branch","line":8,"loc":{"start":{"line":8,"column":13},"end":{"line":8,"column":35}},"locations":[{"start":{"line":8,"column":13},"end":{"line":8,"column":35}}]},"1":{"type":"branch","line":11,"loc":{"start":{"line":11,"column":8},"end":{"line":15,"column":3}},"locations":[{"start":{"line":11,"column":8},"end":{"line":15,"column":3}}]},"2":{"type":"branch","line":16,"loc":{"start":{"line":16,"column":8},"end":{"line":27,"column":3}},"locations":[{"start":{"line":16,"column":8},"end":{"line":27,"column":3}}]},"3":{"type":"branch","line":22,"loc":{"start":{"line":22,"column":15},"end":{"line":27,"column":3}},"locations":[{"start":{"line":22,"column":15},"end":{"line":27,"column":3}}]},"4":{"type":"branch","line":20,"loc":{"start":{"line":20,"column":33},"end":{"line":20,"column":68}},"locations":[{"start":{"line":20,"column":33},"end":{"line":20,"column":68}}]},"5":{"type":"branch","line":28,"loc":{"start":{"line":28,"column":8},"end":{"line":39,"column":3}},"locations":[{"start":{"line":28,"column":8},"end":{"line":39,"column":3}}]},"6":{"type":"branch","line":40,"loc":{"start":{"line":40,"column":8},"end":{"line":51,"column":3}},"locations":[{"start":{"line":40,"column":8},"end":{"line":51,"column":3}}]},"7":{"type":"branch","line":46,"loc":{"start":{"line":46,"column":15},"end":{"line":51,"column":3}},"locations":[{"start":{"line":46,"column":15},"end":{"line":51,"column":3}}]},"8":{"type":"branch","line":44,"loc":{"start":{"line":44,"column":33},"end":{"line":44,"column":63}},"locations":[{"start":{"line":44,"column":33},"end":{"line":44,"column":63}}]},"9":{"type":"branch","line":52,"loc":{"start":{"line":52,"column":8},"end":{"line":66,"column":3}},"locations":[{"start":{"line":52,"column":8},"end":{"line":66,"column":3}}]},"10":{"type":"branch","line":62,"loc":{"start":{"line":62,"column":15},"end":{"line":64,"column":5}},"locations":[{"start":{"line":62,"column":15},"end":{"line":64,"column":5}}]},"11":{"type":"branch","line":60,"loc":{"start":{"line":60,"column":33},"end":{"line":60,"column":63}},"locations":[{"start":{"line":60,"column":33},"end":{"line":60,"column":63}}]},"12":{"type":"branch","line":65,"loc":{"start":{"line":65,"column":29},"end":{"line":65,"column":59}},"locations":[{"start":{"line":65,"column":29},"end":{"line":65,"column":59}}]}},"b":{"0":[15],"1":[1],"2":[2],"3":[1],"4":[2],"5":[1],"6":[2],"7":[1],"8":[2],"9":[1],"10":[0],"11":[1],"12":[2]},"fnMap":{"0":{"name":"get","decl":{"start":{"line":8,"column":13},"end":{"line":8,"column":35}},"loc":{"start":{"line":8,"column":13},"end":{"line":8,"column":35}},"line":8},"1":{"name":"create","decl":{"start":{"line":11,"column":8},"end":{"line":15,"column":3}},"loc":{"start":{"line":11,"column":8},"end":{"line":15,"column":3}},"line":11},"2":{"name":"editPostById","decl":{"start":{"line":16,"column":8},"end":{"line":27,"column":3}},"loc":{"start":{"line":16,"column":8},"end":{"line":27,"column":3}},"line":16},"3":{"name":"listAllPosts","decl":{"start":{"line":28,"column":8},"end":{"line":39,"column":3}},"loc":{"start":{"line":28,"column":8},"end":{"line":39,"column":3}},"line":28},"4":{"name":"listPostById","decl":{"start":{"line":40,"column":8},"end":{"line":51,"column":3}},"loc":{"start":{"line":40,"column":8},"end":{"line":51,"column":3}},"line":40},"5":{"name":"deletePostById","decl":{"start":{"line":52,"column":8},"end":{"line":66,"column":3}},"loc":{"start":{"line":52,"column":8},"end":{"line":66,"column":3}},"line":52}},"f":{"0":15,"1":1,"2":2,"3":1,"4":2,"5":1}}
}
