TN:
SF:src/application/useCases/Post/create-post-use-case.ts
FN:9,get
FN:12,execute
FN:10,CreatePostUseCase
FNF:3
FNH:3
FNDA:4,get
FNDA:4,execute
FNDA:4,CreatePostUseCase
DA:1,1
DA:2,1
DA:3,1
DA:4,1
DA:5,1
DA:6,1
DA:7,1
DA:8,1
DA:9,1
DA:10,1
DA:11,1
DA:12,1
DA:13,4
DA:14,4
DA:15,4
DA:16,1
DA:17,1
DA:18,3
DA:19,4
DA:20,1
DA:21,1
DA:22,2
DA:23,2
DA:24,2
DA:25,2
DA:26,2
DA:27,2
DA:28,4
DA:29,2
DA:30,2
DA:31,2
DA:32,1
LF:32
LH:32
BRDA:9,0,0,4
BRDA:12,1,0,4
BRDA:15,2,0,1
BRDA:18,3,0,3
BRDA:19,4,0,1
BRDA:22,5,0,2
BRDA:28,6,0,0
BRDA:29,7,0,2
BRDA:10,8,0,4
BRF:9
BRH:8
end_of_record
TN:
SF:src/application/useCases/Post/delete-post-with-id-use-case.ts
FN:8,get
FN:11,execute
FN:9,DeletePostWithIdUseCase
FNF:3
FNH:3
FNDA:4,get
FNDA:5,execute
FNDA:4,DeletePostWithIdUseCase
DA:1,1
DA:2,1
DA:3,1
DA:4,1
DA:5,1
DA:6,1
DA:7,1
DA:8,1
DA:9,1
DA:10,1
DA:11,1
DA:12,5
DA:13,5
DA:14,5
DA:15,2
DA:16,2
DA:17,3
DA:18,3
DA:19,3
DA:20,5
DA:21,3
DA:22,3
DA:23,3
DA:24,1
LF:24
LH:24
BRDA:8,0,0,4
BRDA:11,1,0,5
BRDA:14,2,0,2
BRDA:17,3,0,3
BRDA:20,4,0,0
BRDA:21,5,0,3
BRDA:9,6,0,4
BRF:7
BRH:6
end_of_record
TN:
SF:src/application/useCases/Post/edit-post-with-id-use-case.ts
FN:10,get
FN:13,execute
FN:11,EditPostWithIdUseCase
FNF:3
FNH:3
FNDA:6,get
FNDA:7,execute
FNDA:6,EditPostWithIdUseCase
DA:1,1
DA:2,1
DA:3,1
DA:4,1
DA:5,1
DA:6,1
DA:7,1
DA:8,1
DA:9,1
DA:10,1
DA:11,1
DA:12,1
DA:13,1
DA:14,7
DA:15,7
DA:16,7
DA:17,1
DA:18,1
DA:19,6
DA:20,7
DA:21,1
DA:22,1
DA:23,5
DA:24,7
DA:25,1
DA:26,1
DA:27,4
DA:28,4
DA:29,4
DA:30,7
DA:31,3
DA:32,3
DA:33,3
DA:34,1
LF:34
LH:34
BRDA:10,0,0,6
BRDA:13,1,0,7
BRDA:16,2,0,1
BRDA:19,3,0,6
BRDA:20,4,0,1
BRDA:23,5,0,5
BRDA:24,6,0,1
BRDA:27,7,0,4
BRDA:30,8,0,1
BRDA:31,9,0,3
BRDA:11,10,0,6
BRF:11
BRH:11
end_of_record
TN:
SF:src/application/useCases/Post/list-all-posts-use-case.ts
FN:4,get
FN:7,execute
FN:5,ListAllPostsUseCase
FNF:3
FNH:3
FNDA:2,get
FNDA:2,execute
FNDA:2,ListAllPostsUseCase
DA:1,1
DA:2,1
DA:3,1
DA:4,1
DA:5,1
DA:6,1
DA:7,1
DA:8,2
DA:9,2
DA:10,2
DA:11,2
DA:12,2
DA:13,2
DA:14,1
LF:14
LH:14
BRDA:4,0,0,2
BRDA:7,1,0,2
BRDA:10,2,0,0
BRDA:5,3,0,2
BRF:4
BRH:3
end_of_record
TN:
SF:src/application/useCases/Post/list-post-with-id-use-case.ts
FN:8,get
FN:11,execute
FN:9,ListPostWithIdUseCase
FNF:3
FNH:3
FNDA:4,get
FNDA:5,execute
FNDA:4,ListPostWithIdUseCase
DA:1,1
DA:2,1
DA:3,1
DA:4,1
DA:5,1
DA:6,1
DA:7,1
DA:8,1
DA:9,1
DA:10,1
DA:11,1
DA:12,5
DA:13,5
DA:14,5
DA:15,1
DA:16,1
DA:17,4
DA:18,4
DA:19,4
DA:20,5
DA:21,3
DA:22,3
DA:23,3
DA:24,1
LF:24
LH:24
BRDA:8,0,0,4
BRDA:11,1,0,5
BRDA:14,2,0,1
BRDA:17,3,0,4
BRDA:20,4,0,1
BRDA:21,5,0,3
BRDA:9,6,0,4
BRF:7
BRH:7
end_of_record
TN:
SF:src/core/domain/Entity.ts
FN:1,get
FN:4,Entity
FNF:2
FNH:2
FNDA:5,get
FNDA:10,Entity
DA:1,1
DA:2,1
DA:3,1
DA:4,1
DA:5,10
DA:6,10
DA:7,1
LF:7
LH:7
BRDA:1,0,0,5
BRDA:4,1,0,10
BRF:2
BRH:2
end_of_record
TN:
SF:src/domain/entities/Post.ts
FN:9,get
FN:14,create
FN:10,Post
FNF:3
FNH:3
FNDA:10,get
FNDA:10,create
FNDA:10,Post
DA:1,1
DA:2,1
DA:3,1
DA:4,1
DA:5,1
DA:6,1
DA:7,1
DA:8,1
DA:9,1
DA:10,1
DA:11,10
DA:12,10
DA:13,1
DA:14,1
DA:15,10
DA:16,10
DA:17,10
DA:18,10
DA:19,1
LF:19
LH:19
BRDA:9,0,0,10
BRDA:14,1,0,10
BRDA:10,2,0,10
BRF:3
BRH:3
end_of_record
TN:
SF:test/repositories/in-memory-posts-repository.ts
FN:8,get
FN:11,create
FN:16,editPostById
FN:28,listAllPosts
FN:40,listPostById
FN:52,deletePostById
FNF:6
FNH:6
FNDA:15,get
FNDA:1,create
FNDA:2,editPostById
FNDA:1,listAllPosts
FNDA:2,listPostById
FNDA:1,deletePostById
DA:1,1
DA:2,1
DA:3,1
DA:4,1
DA:5,1
DA:6,1
DA:7,1
DA:8,1
DA:9,1
DA:10,1
DA:11,1
DA:12,1
DA:13,1
DA:14,1
DA:15,1
DA:16,1
DA:17,2
DA:18,2
DA:19,2
DA:20,2
DA:21,2
DA:22,2
DA:23,1
DA:24,1
DA:25,1
DA:26,1
DA:27,1
DA:28,1
DA:29,1
DA:30,1
DA:31,1
DA:32,1
DA:33,1
DA:34,1
DA:35,1
DA:36,1
DA:37,1
DA:38,1
DA:39,1
DA:40,1
DA:41,2
DA:42,2
DA:43,2
DA:44,2
DA:45,2
DA:46,2
DA:47,1
DA:48,1
DA:49,1
DA:50,1
DA:51,1
DA:52,1
DA:53,1
DA:54,1
DA:55,1
DA:56,1
DA:57,1
DA:58,1
DA:59,1
DA:60,1
DA:61,1
DA:62,1
DA:63,0
DA:64,0
DA:65,1
DA:66,1
DA:67,1
LF:67
LH:65
BRDA:8,0,0,15
BRDA:11,1,0,1
BRDA:16,2,0,2
BRDA:22,3,0,1
BRDA:20,4,0,2
BRDA:28,5,0,1
BRDA:40,6,0,2
BRDA:46,7,0,1
BRDA:44,8,0,2
BRDA:52,9,0,1
BRDA:62,10,0,0
BRDA:60,11,0,1
BRDA:65,12,0,2
BRF:13
BRH:12
end_of_record
